<?xml version="1.0" encoding="UTF-8"?>
<testng-results ignored="0" total="2" passed="2" failed="0" skipped="0">
  <reporter-output>
  </reporter-output>
  <suite started-at="2024-01-04T12:56:47 EST" name="Default Suite" finished-at="2024-01-04T12:56:47 EST" duration-ms="18">
    <groups>
    </groups>
    <test started-at="2024-01-04T12:56:47 EST" name="TestNG_Demo_Maven" finished-at="2024-01-04T12:56:47 EST" duration-ms="18">
      <class name="TestCases">
        <test-method signature="test1()[pri:0, instance:TestCases@4e4aea35]" started-at="2024-01-04T12:56:47 EST" name="test1" finished-at="2024-01-04T12:56:47 EST" duration-ms="2" status="PASS">
          <reporter-output>
          </reporter-output>
        </test-method> <!-- test1 -->
        <test-method signature="test2()[pri:0, instance:TestCases@4e4aea35]" started-at="2024-01-04T12:56:47 EST" name="test2" finished-at="2024-01-04T12:56:47 EST" duration-ms="0" status="PASS">
          <reporter-output>
          </reporter-output>
        </test-method> <!-- test2 -->
      </class> <!-- TestCases -->
    </test> <!-- TestNG_Demo_Maven -->
  </suite> <!-- Default Suite -->
</testng-results>
